Bari: 10.17064
Simulation complete. Time taken: 0.218768 seconds.
Bari: 10.33714
Simulation complete. Time taken: 0.436642 seconds.
Bari: 10.50409
Simulation complete. Time taken: 0.653090 seconds.
Bari: 10.67196
Simulation complete. Time taken: 0.869432 seconds.
Bari: 10.83928
Simulation complete. Time taken: 1.086095 seconds.
Bari: 11.00747
Simulation complete. Time taken: 1.302773 seconds.
Bari: 11.17600
Simulation complete. Time taken: 1.519163 seconds.
Bari: 11.34493
Simulation complete. Time taken: 1.735799 seconds.
Bari: 11.51389
Simulation complete. Time taken: 1.952245 seconds.
Bari: 11.68301
Simulation complete. Time taken: 2.168674 seconds.
Bari: 11.85223
Simulation complete. Time taken: 2.385404 seconds.
Bari: 12.02191
Simulation complete. Time taken: 2.602158 seconds.
Bari: 12.19081
Simulation complete. Time taken: 2.818488 seconds.
Bari: 12.35958
Simulation complete. Time taken: 3.034903 seconds.
Bari: 12.52803
Simulation complete. Time taken: 3.252484 seconds.
Bari: 12.69674
Simulation complete. Time taken: 3.468815 seconds.
Bari: 12.86517
Simulation complete. Time taken: 3.685494 seconds.
Bari: 13.03341
Simulation complete. Time taken: 3.901821 seconds.
Bari: 13.20197
Simulation complete. Time taken: 4.118261 seconds.
Bari: 13.37045
Simulation complete. Time taken: 4.334641 seconds.
Bari: 13.53913
Simulation complete. Time taken: 4.550975 seconds.
Bari: 13.70776
Simulation complete. Time taken: 4.767530 seconds.
Bari: 13.87666
Simulation complete. Time taken: 4.984055 seconds.
Bari: 14.04534
Simulation complete. Time taken: 5.200445 seconds.
Bari: 14.21452
Simulation complete. Time taken: 5.416851 seconds.
Bari: 14.38204
Simulation complete. Time taken: 5.633297 seconds.
Bari: 14.55079
Simulation complete. Time taken: 5.850010 seconds.
Bari: 14.71935
Simulation complete. Time taken: 6.066550 seconds.
Bari: 14.88794
Simulation complete. Time taken: 6.284232 seconds.
Bari: 15.05498
Simulation complete. Time taken: 6.500687 seconds.
Bari: 15.22332
Simulation complete. Time taken: 6.717300 seconds.
Bari: 15.39107
Simulation complete. Time taken: 6.933904 seconds.
Bari: 15.55821
Simulation complete. Time taken: 7.150509 seconds.
Bari: 15.72478
Simulation complete. Time taken: 7.367068 seconds.
Bari: 15.89185
Simulation complete. Time taken: 7.583744 seconds.
Bari: 16.05833
Simulation complete. Time taken: 7.800859 seconds.
Bari: 16.22473
Simulation complete. Time taken: 8.017764 seconds.
Bari: 16.39087
Simulation complete. Time taken: 8.234827 seconds.
Bari: 16.55672
Simulation complete. Time taken: 8.452051 seconds.
Bari: 16.72276
Simulation complete. Time taken: 8.669594 seconds.
Bari: 16.88806
Simulation complete. Time taken: 8.889310 seconds.
Bari: 17.05293
Simulation complete. Time taken: 9.107481 seconds.
Bari: 17.21657
Simulation complete. Time taken: 9.333800 seconds.
Bari: 17.37963
Simulation complete. Time taken: 9.552863 seconds.
Bari: 17.54219
Simulation complete. Time taken: 9.772863 seconds.
Bari: 17.70377
Simulation complete. Time taken: 9.993218 seconds.
Bari: 17.86392
Simulation complete. Time taken: 10.214459 seconds.
Bari: 18.02200
Simulation complete. Time taken: 10.436522 seconds.
Bari: 18.17766
Simulation complete. Time taken: 10.659549 seconds.
Bari: 18.33134
Simulation complete. Time taken: 10.883813 seconds.
Bari: 18.48222
Simulation complete. Time taken: 11.109186 seconds.
Bari: 18.62987
Simulation complete. Time taken: 11.335784 seconds.
Bari: 18.77479
Simulation complete. Time taken: 11.563940 seconds.
Bari: 18.91593
Simulation complete. Time taken: 11.793728 seconds.
Bari: 19.05364
Simulation complete. Time taken: 12.025314 seconds.
Bari: 19.18693
Simulation complete. Time taken: 12.260568 seconds.
Bari: 19.31541
Simulation complete. Time taken: 12.498057 seconds.
Bari: 19.43883
Simulation complete. Time taken: 12.734422 seconds.
Bari: 19.55905
Simulation complete. Time taken: 12.971791 seconds.
Bari: 19.67359
Simulation complete. Time taken: 13.209149 seconds.
Bari: 19.78479
Simulation complete. Time taken: 13.445623 seconds.
Bari: 19.89122
Simulation complete. Time taken: 13.680409 seconds.
Bari: 19.99256
Simulation complete. Time taken: 13.913629 seconds.
Bari: 20.08908
Simulation complete. Time taken: 14.142756 seconds.
Bari: 20.18152
Simulation complete. Time taken: 14.368620 seconds.
Bari: 20.26902
Simulation complete. Time taken: 14.591395 seconds.
Bari: 20.35219
Simulation complete. Time taken: 14.811275 seconds.
Bari: 20.43223
Simulation complete. Time taken: 15.028746 seconds.
Bari: 20.50769
Simulation complete. Time taken: 15.244969 seconds.
Bari: 20.57918
Simulation complete. Time taken: 15.457869 seconds.
Bari: 20.64783
Simulation complete. Time taken: 15.668982 seconds.
Bari: 20.71325
Simulation complete. Time taken: 15.878472 seconds.
Bari: 20.77524
Simulation complete. Time taken: 16.086730 seconds.
Bari: 20.83434
Simulation complete. Time taken: 16.293496 seconds.
Bari: 20.89005
Simulation complete. Time taken: 16.499238 seconds.
Bari: 20.94456
Simulation complete. Time taken: 16.704081 seconds.
Bari: 20.99684
Simulation complete. Time taken: 16.908028 seconds.
Bari: 21.04607
Simulation complete. Time taken: 17.111432 seconds.
Bari: 21.09312
Simulation complete. Time taken: 17.313997 seconds.
Bari: 21.13871
Simulation complete. Time taken: 17.515910 seconds.
Bari: 21.18162
Simulation complete. Time taken: 17.717356 seconds.
Bari: 21.22387
Simulation complete. Time taken: 17.918332 seconds.
Bari: 21.26402
Simulation complete. Time taken: 18.119356 seconds.
Bari: 21.30363
Simulation complete. Time taken: 18.321503 seconds.
Bari: 21.34108
Simulation complete. Time taken: 18.521478 seconds.
Bari: 21.37794
Simulation complete. Time taken: 18.721168 seconds.
Bari: 21.41399
Simulation complete. Time taken: 18.920572 seconds.
Bari: 21.44885
Simulation complete. Time taken: 19.120080 seconds.
Bari: 21.48326
Simulation complete. Time taken: 19.319240 seconds.
Bari: 21.51557
Simulation complete. Time taken: 19.518143 seconds.
Bari: 21.54821
Simulation complete. Time taken: 19.716964 seconds.
Bari: 21.58019
Simulation complete. Time taken: 19.915597 seconds.
Bari: 21.61223
Simulation complete. Time taken: 20.114290 seconds.
Bari: 21.64248
Simulation complete. Time taken: 20.312752 seconds.
Bari: 21.67262
Simulation complete. Time taken: 20.511017 seconds.
Bari: 21.70202
Simulation complete. Time taken: 20.709251 seconds.
Bari: 21.72939
Simulation complete. Time taken: 20.907434 seconds.
Bari: 21.75866
Simulation complete. Time taken: 21.105595 seconds.
Bari: 21.78538
Simulation complete. Time taken: 21.305353 seconds.
Bari: 21.81272
Simulation complete. Time taken: 21.503163 seconds.
Bari: 21.83840
Simulation complete. Time taken: 21.700888 seconds.
Bari: 21.86487
Simulation complete. Time taken: 21.898659 seconds.
Bari: 21.89100
Simulation complete. Time taken: 22.096557 seconds.
Bari: 21.91748
Simulation complete. Time taken: 22.294154 seconds.
Bari: 21.94201
Simulation complete. Time taken: 22.491676 seconds.
Bari: 21.96749
Simulation complete. Time taken: 22.689148 seconds.
Bari: 21.99240
Simulation complete. Time taken: 22.886595 seconds.
Bari: 22.01679
Simulation complete. Time taken: 23.084095 seconds.
Bari: 22.04148
Simulation complete. Time taken: 23.281387 seconds.
Bari: 22.06568
Simulation complete. Time taken: 23.478694 seconds.
Bari: 22.08994
Simulation complete. Time taken: 23.675923 seconds.
Bari: 22.11276
Simulation complete. Time taken: 23.873084 seconds.
Bari: 22.13553
Simulation complete. Time taken: 24.070217 seconds.
Bari: 22.15835
Simulation complete. Time taken: 24.269623 seconds.
Bari: 22.18193
Simulation complete. Time taken: 24.466673 seconds.
Bari: 22.20469
Simulation complete. Time taken: 24.663634 seconds.
Bari: 22.22663
Simulation complete. Time taken: 24.860607 seconds.
Bari: 22.24923
Simulation complete. Time taken: 25.057530 seconds.
Bari: 22.27066
Simulation complete. Time taken: 25.254624 seconds.
Bari: 22.29264
Simulation complete. Time taken: 25.451489 seconds.
Bari: 22.31349
Simulation complete. Time taken: 25.648282 seconds.
Bari: 22.33474
Simulation complete. Time taken: 25.845031 seconds.
Bari: 22.35596
Simulation complete. Time taken: 26.041791 seconds.
Bari: 22.37719
Simulation complete. Time taken: 26.239487 seconds.
Bari: 22.39835
Simulation complete. Time taken: 26.436060 seconds.
Bari: 22.41920
Simulation complete. Time taken: 26.632666 seconds.
Bari: 22.43790
Simulation complete. Time taken: 26.829172 seconds.
Bari: 22.45734
Simulation complete. Time taken: 27.025701 seconds.
Bari: 22.47809
Simulation complete. Time taken: 27.224324 seconds.
Bari: 22.49823
Simulation complete. Time taken: 27.420799 seconds.
Bari: 22.51827
Simulation complete. Time taken: 27.617247 seconds.
Bari: 22.53800
Simulation complete. Time taken: 27.813606 seconds.
Bari: 22.55717
Simulation complete. Time taken: 28.009978 seconds.
Bari: 22.57634
Simulation complete. Time taken: 28.206513 seconds.
Bari: 22.59651
Simulation complete. Time taken: 28.402770 seconds.
Bari: 22.61571
Simulation complete. Time taken: 28.598953 seconds.
Bari: 22.63318
Simulation complete. Time taken: 28.795122 seconds.
Bari: 22.65247
Simulation complete. Time taken: 28.991651 seconds.
Bari: 22.67164
Simulation complete. Time taken: 29.187770 seconds.
Bari: 22.69059
Simulation complete. Time taken: 29.384269 seconds.
Bari: 22.71023
Simulation complete. Time taken: 29.580574 seconds.
Bari: 22.72791
Simulation complete. Time taken: 29.778971 seconds.
Bari: 22.74671
Simulation complete. Time taken: 29.975548 seconds.
Bari: 22.76457
Simulation complete. Time taken: 30.171610 seconds.
Bari: 22.78243
Simulation complete. Time taken: 30.369183 seconds.
Bari: 22.79962
Simulation complete. Time taken: 30.565027 seconds.
Bari: 22.81737
Simulation complete. Time taken: 30.760846 seconds.
Bari: 22.83519
Simulation complete. Time taken: 30.956706 seconds.
Bari: 22.85229
Simulation complete. Time taken: 31.152418 seconds.
Bari: 22.86966
Simulation complete. Time taken: 31.348345 seconds.
Bari: 22.88624
Simulation complete. Time taken: 31.544041 seconds.
Bari: 22.90324
Simulation complete. Time taken: 31.739779 seconds.
Bari: 22.92068
Simulation complete. Time taken: 31.935394 seconds.
Bari: 22.93763
Simulation complete. Time taken: 32.131148 seconds.
Bari: 22.95418
Simulation complete. Time taken: 32.327009 seconds.
Bari: 22.97103
Simulation complete. Time taken: 32.522678 seconds.
Bari: 22.98875
Simulation complete. Time taken: 32.718609 seconds.
Bari: 23.00484
Simulation complete. Time taken: 32.914370 seconds.
Bari: 23.02175
Simulation complete. Time taken: 33.110139 seconds.
Bari: 23.03759
Simulation complete. Time taken: 33.307516 seconds.
Bari: 23.05398
Simulation complete. Time taken: 33.503105 seconds.
Bari: 23.06985
Simulation complete. Time taken: 33.698648 seconds.
Bari: 23.08559
Simulation complete. Time taken: 33.894168 seconds.
Bari: 23.10107
Simulation complete. Time taken: 34.089662 seconds.
Bari: 23.11731
Simulation complete. Time taken: 34.285230 seconds.
Bari: 23.13420
Simulation complete. Time taken: 34.480926 seconds.
Bari: 23.14852
Simulation complete. Time taken: 34.676351 seconds.
Bari: 23.16420
Simulation complete. Time taken: 34.871724 seconds.
Bari: 23.18062
Simulation complete. Time taken: 35.067168 seconds.
Bari: 23.19615
Simulation complete. Time taken: 35.262717 seconds.
Bari: 23.21250
Simulation complete. Time taken: 35.458211 seconds.
Bari: 23.22766
Simulation complete. Time taken: 35.653498 seconds.
Bari: 23.24300
Simulation complete. Time taken: 35.848730 seconds.
Bari: 23.25774
Simulation complete. Time taken: 36.043973 seconds.
Bari: 23.27250
Simulation complete. Time taken: 36.240849 seconds.
Bari: 23.28715
Simulation complete. Time taken: 36.436291 seconds.
Bari: 23.30235
Simulation complete. Time taken: 36.631471 seconds.
Bari: 23.31833
Simulation complete. Time taken: 36.826647 seconds.
Bari: 23.33193
Simulation complete. Time taken: 37.021820 seconds.
Bari: 23.34713
Simulation complete. Time taken: 37.217034 seconds.
Bari: 23.36245
Simulation complete. Time taken: 37.412328 seconds.
Bari: 23.37721
Simulation complete. Time taken: 37.607492 seconds.
Bari: 23.39110
Simulation complete. Time taken: 37.802625 seconds.
Bari: 23.40690
Simulation complete. Time taken: 37.997786 seconds.
Bari: 23.42113
Simulation complete. Time taken: 38.192900 seconds.
Bari: 23.43429
Simulation complete. Time taken: 38.388897 seconds.
Bari: 23.44944
Simulation complete. Time taken: 38.584190 seconds.
Bari: 23.46318
Simulation complete. Time taken: 38.779245 seconds.
Bari: 23.47768
Simulation complete. Time taken: 38.974355 seconds.
Bari: 23.49167
Simulation complete. Time taken: 39.169392 seconds.
Bari: 23.50591
Simulation complete. Time taken: 39.365796 seconds.
Bari: 23.51983
Simulation complete. Time taken: 39.560949 seconds.
Bari: 23.53398
Simulation complete. Time taken: 39.756163 seconds.
Bari: 23.54707
Simulation complete. Time taken: 39.951093 seconds.
Bari: 23.56120
Simulation complete. Time taken: 40.146023 seconds.
Bari: 23.57556
Simulation complete. Time taken: 40.340943 seconds.
Bari: 23.58938
Simulation complete. Time taken: 40.536135 seconds.
Bari: 23.60248
Simulation complete. Time taken: 40.731052 seconds.
Bari: 23.61599
Simulation complete. Time taken: 40.926182 seconds.
Bari: 23.62991
Simulation complete. Time taken: 41.121073 seconds.
Bari: 23.64348
Simulation complete. Time taken: 41.315911 seconds.
Bari: 23.65706
Simulation complete. Time taken: 41.510946 seconds.
Bari: 23.67061
Simulation complete. Time taken: 41.705808 seconds.
Bari: 23.68366
Simulation complete. Time taken: 41.900861 seconds.
Bari: 23.69808
Simulation complete. Time taken: 42.095727 seconds.
Bari: 23.71124
Simulation complete. Time taken: 42.293146 seconds.
Bari: 23.72433
Simulation complete. Time taken: 42.487884 seconds.
Bari: 23.73742
Simulation complete. Time taken: 42.683133 seconds.
Bari: 23.75113
Simulation complete. Time taken: 42.877948 seconds.
Bari: 23.76468
Simulation complete. Time taken: 43.072739 seconds.
Bari: 23.77662
Simulation complete. Time taken: 43.267414 seconds.
Bari: 23.79057
Simulation complete. Time taken: 43.462076 seconds.
Bari: 23.80257
Simulation complete. Time taken: 43.657121 seconds.
Bari: 23.81600
Simulation complete. Time taken: 43.851804 seconds.
Bari: 23.82902
Simulation complete. Time taken: 44.046535 seconds.
Bari: 23.84122
Simulation complete. Time taken: 44.241185 seconds.
Bari: 23.85477
Simulation complete. Time taken: 44.435889 seconds.
Bari: 23.86781
Simulation complete. Time taken: 44.630756 seconds.
Bari: 23.88059
Simulation complete. Time taken: 44.825428 seconds.
Bari: 23.89329
Simulation complete. Time taken: 45.020059 seconds.
Bari: 23.90595
Simulation complete. Time taken: 45.215823 seconds.
Bari: 23.91838
Simulation complete. Time taken: 45.410451 seconds.
Bari: 23.93091
Simulation complete. Time taken: 45.605246 seconds.
Bari: 23.94409
Simulation complete. Time taken: 45.799830 seconds.
Bari: 23.95630
Simulation complete. Time taken: 45.994428 seconds.
Bari: 23.96829
Simulation complete. Time taken: 46.188977 seconds.
Bari: 23.98124
Simulation complete. Time taken: 46.383539 seconds.
Bari: 23.99289
Simulation complete. Time taken: 46.578006 seconds.
Bari: 24.00583
Simulation complete. Time taken: 46.772858 seconds.
Bari: 24.01820
Simulation complete. Time taken: 46.969537 seconds.
Bari: 24.03102
Simulation complete. Time taken: 47.166417 seconds.
Bari: 24.04252
Simulation complete. Time taken: 47.360808 seconds.
Bari: 24.05435
Simulation complete. Time taken: 47.555273 seconds.
Bari: 24.06681
Simulation complete. Time taken: 47.749906 seconds.
Bari: 24.07836
Simulation complete. Time taken: 47.944441 seconds.
Bari: 24.09053
Simulation complete. Time taken: 48.139083 seconds.
Bari: 24.10234
Simulation complete. Time taken: 48.334504 seconds.
Bari: 24.11460
Simulation complete. Time taken: 48.528985 seconds.
Bari: 24.12650
Simulation complete. Time taken: 48.723643 seconds.
Bari: 24.13880
Simulation complete. Time taken: 48.918051 seconds.
Bari: 24.15052
Simulation complete. Time taken: 49.112520 seconds.
Bari: 24.16149
Simulation complete. Time taken: 49.306909 seconds.
Bari: 24.17417
Simulation complete. Time taken: 49.501225 seconds.
Bari: 24.18575
Simulation complete. Time taken: 49.695813 seconds.
Bari: 24.19791
Simulation complete. Time taken: 49.890399 seconds.
Bari: 24.21007
slurmstepd: error: *** STEP 4614202.0 ON nid002605 CANCELLED AT 2023-09-24T22:36:52 DUE TO TIME LIMIT ***
srun: Job step aborted: Waiting up to 32 seconds for job step to finish.
slurmstepd: error: *** JOB 4614202 ON nid002605 CANCELLED AT 2023-09-24T22:36:52 DUE TO TIME LIMIT ***
srun: error: nid002605: task 0: Terminated
