Base configuration simulation step. Time taken: 0.113112 seconds.
Static one configuration simulation step. Time taken: 0.111780 seconds.
Static FTP configuration simulation step. Time taken: 0.111113 seconds.
Dynamic FTP configuration simulation step. Time taken: 0.111898 seconds.
Guided configuration simulation step. Time taken: 0.111586 seconds.
Base configuration simulation step. Time taken: 0.112354 seconds.
Static one configuration simulation step. Time taken: 0.111648 seconds.
Static FTP configuration simulation step. Time taken: 0.111159 seconds.
Dynamic FTP configuration simulation step. Time taken: 0.112726 seconds.
Guided configuration simulation step. Time taken: 0.112689 seconds.
Base configuration simulation step. Time taken: 0.114262 seconds.
Static one configuration simulation step. Time taken: 0.111804 seconds.
Static FTP configuration simulation step. Time taken: 0.111083 seconds.
Dynamic FTP configuration simulation step. Time taken: 0.112218 seconds.
Guided configuration simulation step. Time taken: 0.112476 seconds.
Base configuration simulation step. Time taken: 0.114595 seconds.
Static one configuration simulation step. Time taken: 0.111495 seconds.
Static FTP configuration simulation step. Time taken: 0.110713 seconds.
Dynamic FTP configuration simulation step. Time taken: 0.112264 seconds.
Guided configuration simulation step. Time taken: 0.112854 seconds.
