Base configuration simulation step. Time taken: 0.417537 seconds.
Static one configuration simulation step. Time taken: 0.422432 seconds.
Static FTP configuration simulation step. Time taken: 0.418727 seconds.
Dynamic FTP configuration simulation step. Time taken: 0.428942 seconds.
Guided configuration simulation step. Time taken: 0.434619 seconds.
Base configuration simulation step. Time taken: 0.420148 seconds.
Static one configuration simulation step. Time taken: 0.424182 seconds.
Static FTP configuration simulation step. Time taken: 0.421269 seconds.
Dynamic FTP configuration simulation step. Time taken: 0.430688 seconds.
Guided configuration simulation step. Time taken: 0.434419 seconds.
Base configuration simulation step. Time taken: 0.418527 seconds.
Static one configuration simulation step. Time taken: 0.423228 seconds.
Static FTP configuration simulation step. Time taken: 0.419852 seconds.
Dynamic FTP configuration simulation step. Time taken: 0.429639 seconds.
Guided configuration simulation step. Time taken: 0.434342 seconds.
Base configuration simulation step. Time taken: 0.420747 seconds.
Static one configuration simulation step. Time taken: 0.423493 seconds.
Static FTP configuration simulation step. Time taken: 0.422259 seconds.
Dynamic FTP configuration simulation step. Time taken: 0.429590 seconds.
Guided configuration simulation step. Time taken: 0.435187 seconds.
