Base configuration simulation step. Time taken: 5.341923 seconds.
Static one configuration simulation step. Time taken: 5.364071 seconds.
Static FTP configuration simulation step. Time taken: 5.343625 seconds.
Dynamic FTP configuration simulation step. Time taken: 5.528578 seconds.
Guided configuration simulation step. Time taken: 5.578000 seconds.
Base configuration simulation step. Time taken: 5.342497 seconds.
Static one configuration simulation step. Time taken: 5.366408 seconds.
Static FTP configuration simulation step. Time taken: 5.335577 seconds.
Dynamic FTP configuration simulation step. Time taken: 5.528128 seconds.
Guided configuration simulation step. Time taken: 5.592559 seconds.
Base configuration simulation step. Time taken: 5.359808 seconds.
Static one configuration simulation step. Time taken: 5.384587 seconds.
Static FTP configuration simulation step. Time taken: 5.342754 seconds.
Dynamic FTP configuration simulation step. Time taken: 5.539977 seconds.
Guided configuration simulation step. Time taken: 5.579435 seconds.
Base configuration simulation step. Time taken: 5.367187 seconds.
Static one configuration simulation step. Time taken: 5.386601 seconds.
Static FTP configuration simulation step. Time taken: 5.349679 seconds.
Dynamic FTP configuration simulation step. Time taken: 5.543945 seconds.
Guided configuration simulation step. Time taken: 5.585214 seconds.
